<?xml version="1.0" encoding="UTF-8"?>
<!-- Generated by org.testng.reporters.JUnitReportReporter -->
<testsuite skipped="0" hostname="Home" name="tests.HomePageTest" tests="1" failures="0" timestamp="24 Oct 2017 15:17:16 GMT" time="52.287" errors="0">
  <testcase name="homePageTest" time="52.287" classname="tests.HomePageTest"/>
</testsuite> <!-- tests.HomePageTest -->
