<?xml version="1.0" encoding="UTF-8"?>
<!-- Generated by org.testng.reporters.JUnitReportReporter -->
<testsuite skipped="0" hostname="Home" name="tests.SearchFunctionTest" tests="1" failures="0" timestamp="25 Oct 2017 00:09:17 GMT" time="7.444" errors="0">
  <testcase name="setUpBrowser" time="7.444" classname="tests.SearchFunctionTest"/>
</testsuite> <!-- tests.SearchFunctionTest -->
