<?xml version="1.0" encoding="UTF-8"?>
<!-- Generated by org.testng.reporters.JUnitReportReporter -->
<testsuite skipped="0" hostname="Home" name="tests.AmazonCreateAccounTest" tests="2" failures="0" timestamp="25 Oct 2017 00:09:17 GMT" time="27.665" errors="0">
  <testcase name="validateHomePage" time="0.070" classname="tests.AmazonCreateAccounTest"/>
  <testcase name="creatAcc" time="27.595" classname="tests.AmazonCreateAccounTest"/>
</testsuite> <!-- tests.AmazonCreateAccounTest -->
